<?xml version="1.0" encoding="UTF-8"?>
<!-- Generated by org.testng.reporters.JUnitReportReporter -->
<testsuite skipped="0" hostname="DELL-PC" name="runner.TestRunnerCucu" tests="2" failures="0" timestamp="2020-07-14T12:27:23 EDT" time="29.111" errors="0">
  <testcase name="runScenario" time="14.713" classname="runner.TestRunnerCucu"/>
  <system-out/>
  <testcase name="runScenario" time="14.398" classname="runner.TestRunnerCucu"/>
  <system-out/>
</testsuite> <!-- runner.TestRunnerCucu -->
