<?xml version="1.0" encoding="UTF-8"?>
<!-- Generated by org.testng.reporters.JUnitReportReporter -->
<testsuite skipped="0" hostname="DELL-PC" name="runner.TestRunnerTestNG" tests="2" failures="0" timestamp="2020-07-22T11:01:51 EDT" time="33.952" errors="0">
  <testcase name="runScenario" time="16.362" classname="runner.TestRunnerTestNG"/>
  <system-out/>
  <testcase name="runScenario" time="17.590" classname="runner.TestRunnerTestNG"/>
  <system-out/>
</testsuite> <!-- runner.TestRunnerTestNG -->
