<?xml version="1.0" encoding="UTF-8"?>
<!-- Generated by org.testng.reporters.JUnitReportReporter -->
<testsuite skipped="0" hostname="DELL-PC" name="Dance.ValidateTest" tests="2" failures="0" timestamp="2020-07-22T12:31:55 EDT" time="0.722" errors="0">
  <testcase name="basePageNavigation" time="0.356" classname="Dance.ValidateTest"/>
  <system-out/>
  <testcase name="HeaderValidate" time="0.366" classname="Dance.ValidateTest"/>
  <system-out/>
</testsuite> <!-- Dance.ValidateTest -->
