<?xml version="1.0" encoding="UTF-8"?>
<!-- Generated by org.testng.reporters.JUnitReportReporter -->
<testsuite skipped="0" hostname="DELL-PC" name="Dance.HomePage" tests="3" failures="0" timestamp="2020-07-02T12:21:42 EDT" time="51.820" errors="0">
  <testcase name="basePageNavigation" time="16.738" classname="Dance.HomePage"/>
  <system-out/>
  <testcase name="basePageNavigation" time="14.697" classname="Dance.HomePage"/>
  <system-out/>
  <testcase name="Forgot" time="20.385" classname="Dance.HomePage"/>
  <system-out/>
</testsuite> <!-- Dance.HomePage -->
