<?xml version="1.0" encoding="UTF-8"?>
<!-- Generated by org.testng.reporters.JUnitReportReporter -->
<testsuite skipped="0" hostname="DELL-PC" name="Dance.ValidateTest" tests="1" failures="0" timestamp="2020-07-02T12:21:42 EDT" time="0.387" errors="0">
  <testcase name="basePageNavigation" time="0.387" classname="Dance.ValidateTest"/>
  <system-out/>
</testsuite> <!-- Dance.ValidateTest -->
